<?xml version="1.0" encoding="UTF-8"?>
<testng-results skipped="0" failed="0" ignored="0" total="2" passed="2">
  <reporter-output>
  </reporter-output>
  <suite name="Default suite" duration-ms="27919" started-at="2020-09-06T02:57:44Z" finished-at="2020-09-06T02:58:12Z">
    <groups>
    </groups>
    <test name="Default test" duration-ms="27919" started-at="2020-09-06T02:57:44Z" finished-at="2020-09-06T02:58:12Z">
      <class name="com.learnautomation.testcases.TC_001_LoginTest">
        <test-method status="PASS" signature="setupReport()[pri:0, instance:com.learnautomation.testcases.TC_001_LoginTest@5702b3b1]" name="setupReport" is-config="true" duration-ms="480" started-at="2020-09-06T02:57:44Z" finished-at="2020-09-06T02:57:44Z">
          <reporter-output>
          </reporter-output>
        </test-method> <!-- setupReport -->
        <test-method status="PASS" signature="startSession()[pri:0, instance:com.learnautomation.testcases.TC_001_LoginTest@5702b3b1]" name="startSession" is-config="true" duration-ms="12456" started-at="2020-09-06T02:57:44Z" finished-at="2020-09-06T02:57:57Z">
          <reporter-output>
          </reporter-output>
        </test-method> <!-- startSession -->
        <test-method status="PASS" signature="loginAsAdmin()[pri:0, instance:com.learnautomation.testcases.TC_001_LoginTest@5702b3b1]" name="loginAsAdmin" duration-ms="9514" started-at="2020-09-06T02:57:57Z" finished-at="2020-09-06T02:58:06Z">
          <reporter-output>
          </reporter-output>
        </test-method> <!-- loginAsAdmin -->
        <test-method status="PASS" signature="tearDownReport(org.testng.ITestResult)[pri:0, instance:com.learnautomation.testcases.TC_001_LoginTest@5702b3b1]" name="tearDownReport" is-config="true" duration-ms="1501" started-at="2020-09-06T02:58:06Z" finished-at="2020-09-06T02:58:08Z">
          <params>
            <param index="0">
              <value>
                <![CDATA[[TestResult name=loginAsAdmin status=SUCCESS method=TC_001_LoginTest.loginAsAdmin()[pri:0, instance:com.learnautomation.testcases.TC_001_LoginTest@5702b3b1] output={null}]]]>
              </value>
            </param>
          </params>
          <reporter-output>
          </reporter-output>
        </test-method> <!-- tearDownReport -->
        <test-method status="PASS" signature="logoutFromApplication()[pri:1, instance:com.learnautomation.testcases.TC_001_LoginTest@5702b3b1]" name="logoutFromApplication" duration-ms="2953" started-at="2020-09-06T02:58:08Z" depends-on-methods="com.learnautomation.testcases.TC_001_LoginTest.loginAsAdmin" finished-at="2020-09-06T02:58:11Z">
          <reporter-output>
          </reporter-output>
        </test-method> <!-- logoutFromApplication -->
        <test-method status="PASS" signature="tearDownReport(org.testng.ITestResult)[pri:0, instance:com.learnautomation.testcases.TC_001_LoginTest@5702b3b1]" name="tearDownReport" is-config="true" duration-ms="446" started-at="2020-09-06T02:58:11Z" finished-at="2020-09-06T02:58:11Z">
          <params>
            <param index="0">
              <value>
                <![CDATA[[TestResult name=logoutFromApplication status=SUCCESS method=TC_001_LoginTest.logoutFromApplication()[pri:1, instance:com.learnautomation.testcases.TC_001_LoginTest@5702b3b1] output={null}]]]>
              </value>
            </param>
          </params>
          <reporter-output>
          </reporter-output>
        </test-method> <!-- tearDownReport -->
        <test-method status="PASS" signature="closeSession()[pri:0, instance:com.learnautomation.testcases.TC_001_LoginTest@5702b3b1]" name="closeSession" is-config="true" duration-ms="1000" started-at="2020-09-06T02:58:11Z" finished-at="2020-09-06T02:58:12Z">
          <reporter-output>
          </reporter-output>
        </test-method> <!-- closeSession -->
      </class> <!-- com.learnautomation.testcases.TC_001_LoginTest -->
    </test> <!-- Default test -->
  </suite> <!-- Default suite -->
</testng-results>
