<?xml version="1.0" encoding="UTF-8"?>
<!-- Generated by org.testng.reporters.JUnitXMLReporter -->
<testsuite hostname="DESKTOP-8OBLECF" ignored="0" name="Default test" tests="2" failures="0" timestamp="06 Sep 2020 02:58:12 GMT" time="27.919" errors="0">
  <testcase name="loginAsAdmin" time="9.514" classname="com.learnautomation.testcases.TC_001_LoginTest"/>
  <testcase name="logoutFromApplication" time="2.953" classname="com.learnautomation.testcases.TC_001_LoginTest"/>
</testsuite> <!-- Default test -->
